<?xml version="1.0" encoding="UTF-8"?>
<testsuite xmlns:xsi="http://www.w3.org/2001/XMLSchema-instance" xsi:noNamespaceSchemaLocation="https://maven.apache.org/surefire/maven-surefire-plugin/xsd/surefire-test-report-3.0.xsd" version="3.0" name="ua.lviv.iot.algo.part1.lab2.AbstractLaptopTest" time="0.056" tests="6" errors="0" skipped="0" failures="0">
  <properties>
[...]
</properties>
  <testcase name="testGetModel" classname="ua.lviv.iot.algo.part1.lab2.AbstractLaptopTest" time="0.011"/>
  <testcase name="testGetStorage" classname="ua.lviv.iot.algo.part1.lab2.AbstractLaptopTest" time="0.002"/>
  <testcase name="testGetBatteryLevel" classname="ua.lviv.iot.algo.part1.lab2.AbstractLaptopTest" time="0.002"/>
  <testcase name="testGetBatteryLife" classname="ua.lviv.iot.algo.part1.lab2.AbstractLaptopTest" time="0.005"/>
  <testcase name="testGetScreenSize" classname="ua.lviv.iot.algo.part1.lab2.AbstractLaptopTest" time="0.017"/>
  <testcase name="testGetRam" classname="ua.lviv.iot.algo.part1.lab2.AbstractLaptopTest" time="0.002"/>
</testsuite>